[ 2024-08-07 17:01:46,677 ] 16 root - INFO - giving path of train,test and raw data
[ 2024-08-07 17:01:46,677 ] 30 root - INFO - we are initiating the data ingestion
[ 2024-08-07 17:01:46,715 ] 32 root - INFO - data has been read correctly
[ 2024-08-07 17:01:46,715 ] 38 root - INFO - making the raw file
[ 2024-08-07 17:01:46,796 ] 41 root - INFO - converting the raw data into train and test
[ 2024-08-07 17:01:46,800 ] 44 root - INFO - saving train and test data split
[ 2024-08-07 17:01:46,880 ] 48 root - INFO - ingestion has been completed
[ 2024-08-07 17:01:46,881 ] 66 root - INFO - Initiating the data transformation
[ 2024-08-07 17:01:46,915 ] 71 root - INFO - Train and test CSVs have been read successfully
[ 2024-08-07 17:01:46,915 ] 26 root - INFO - Making data transformation pickle file
[ 2024-08-07 17:01:46,915 ] 29 root - INFO - Making numerical and categorical columns
[ 2024-08-07 17:01:46,915 ] 47 root - INFO - Numerical and categorical pipelines have been made
[ 2024-08-07 17:01:46,915 ] 56 root - INFO - Transformation has been completed
[ 2024-08-07 17:01:46,916 ] 77 root - INFO - Train split has been completed
[ 2024-08-07 17:01:46,916 ] 81 root - INFO - Test data has been split
[ 2024-08-07 17:01:46,968 ] 85 root - INFO - Preprocessor has been applied to train and test independent features
[ 2024-08-07 17:01:46,974 ] 90 root - INFO - Applied RandomOverSampler to the training data
[ 2024-08-07 17:01:46,976 ] 95 root - INFO - Data transformation has been completed
[ 2024-08-07 17:01:46,979 ] 98 root - INFO - Preprocessor pickle has been saved
[ 2024-08-07 17:01:46,980 ] 33 root - INFO - Split training and test input data
[ 2024-08-07 17:01:46,987 ] 37 root - INFO - predicting the model accuracy
[ 2024-08-07 17:02:00,528 ] 58 root - INFO - checking the accuracy of every model
[ 2024-08-07 17:02:01,132 ] 58 root - INFO - checking the accuracy of every model
[ 2024-08-07 17:02:18,688 ] 58 root - INFO - checking the accuracy of every model
[ 2024-08-07 17:02:19,403 ] 58 root - INFO - checking the accuracy of every model
[ 2024-08-07 17:02:22,794 ] 58 root - INFO - checking the accuracy of every model
[ 2024-08-07 17:02:48,457 ] 58 root - INFO - checking the accuracy of every model
[ 2024-08-07 17:02:48,457 ] 96 root - INFO - Best found model on both training and testing dataset
[ 2024-08-07 17:02:48,568 ] 109 root - INFO - Accuracy Score: 0.8510594738458389
[ 2024-08-07 17:02:48,568 ] 110 root - INFO - Confusion Matrix:
[[6723  702]
 [ 753 1591]]
[ 2024-08-07 17:02:48,568 ] 111 root - INFO - Classification Report:
              precision    recall  f1-score   support

         0.0       0.90      0.91      0.90      7425
         1.0       0.69      0.68      0.69      2344

    accuracy                           0.85      9769
   macro avg       0.80      0.79      0.79      9769
weighted avg       0.85      0.85      0.85      9769

