[ 2024-08-07 16:42:09,339 ] 16 root - INFO - giving path of train,test and raw data
[ 2024-08-07 16:42:09,340 ] 30 root - INFO - we are initiating the data ingestion
[ 2024-08-07 16:42:09,378 ] 32 root - INFO - data has been read correctly
[ 2024-08-07 16:42:09,378 ] 38 root - INFO - making the raw file
[ 2024-08-07 16:42:09,459 ] 41 root - INFO - converting the raw data into train and test
[ 2024-08-07 16:42:09,465 ] 44 root - INFO - saving train and test data split
[ 2024-08-07 16:42:09,549 ] 48 root - INFO - ingestion has been completed
[ 2024-08-07 16:42:09,550 ] 66 root - INFO - Initiating the data transformation
[ 2024-08-07 16:42:09,588 ] 71 root - INFO - Train and test CSVs have been read successfully
[ 2024-08-07 16:42:09,588 ] 26 root - INFO - Making data transformation pickle file
[ 2024-08-07 16:42:09,588 ] 29 root - INFO - Making numerical and categorical columns
[ 2024-08-07 16:42:09,588 ] 47 root - INFO - Numerical and categorical pipelines have been made
[ 2024-08-07 16:42:09,588 ] 56 root - INFO - Transformation has been completed
[ 2024-08-07 16:42:09,589 ] 77 root - INFO - Train split has been completed
[ 2024-08-07 16:42:09,590 ] 81 root - INFO - Test data has been split
[ 2024-08-07 16:42:09,644 ] 85 root - INFO - Preprocessor has been applied to train and test independent features
[ 2024-08-07 16:42:09,651 ] 90 root - INFO - Applied RandomOverSampler to the training data
[ 2024-08-07 16:42:09,653 ] 95 root - INFO - Data transformation has been completed
[ 2024-08-07 16:42:09,656 ] 98 root - INFO - Preprocessor pickle has been saved
[ 2024-08-07 16:42:09,657 ] 33 root - INFO - Split training and test input data
[ 2024-08-07 16:42:09,664 ] 37 root - INFO - predicting the model accuracy
[ 2024-08-07 16:42:28,756 ] 58 root - INFO - checking the accuracy of every model
[ 2024-08-07 16:42:29,231 ] 58 root - INFO - checking the accuracy of every model
[ 2024-08-07 16:43:07,917 ] 58 root - INFO - checking the accuracy of every model
[ 2024-08-07 16:43:08,644 ] 58 root - INFO - checking the accuracy of every model
[ 2024-08-07 16:43:11,528 ] 58 root - INFO - checking the accuracy of every model
[ 2024-08-07 16:43:36,573 ] 58 root - INFO - checking the accuracy of every model
[ 2024-08-07 16:43:36,573 ] 96 root - INFO - Best found model on both training and testing dataset
[ 2024-08-07 16:43:36,889 ] 109 root - INFO - Accuracy Score: 0.8500358276179752
[ 2024-08-07 16:43:36,889 ] 110 root - INFO - Confusion Matrix:
[[6706  719]
 [ 746 1598]]
[ 2024-08-07 16:43:36,889 ] 111 root - INFO - Classification Report:
              precision    recall  f1-score   support

         0.0       0.90      0.90      0.90      7425
         1.0       0.69      0.68      0.69      2344

    accuracy                           0.85      9769
   macro avg       0.79      0.79      0.79      9769
weighted avg       0.85      0.85      0.85      9769

