[ 2024-08-07 16:39:44,207 ] 16 root - INFO - giving path of train,test and raw data
[ 2024-08-07 16:39:44,207 ] 30 root - INFO - we are initiating the data ingestion
[ 2024-08-07 16:39:44,251 ] 32 root - INFO - data has been read correctly
[ 2024-08-07 16:39:44,251 ] 38 root - INFO - making the raw file
[ 2024-08-07 16:39:44,349 ] 41 root - INFO - converting the raw data into train and test
[ 2024-08-07 16:39:44,355 ] 44 root - INFO - saving train and test data split
[ 2024-08-07 16:39:44,439 ] 48 root - INFO - ingestion has been completed
[ 2024-08-07 16:39:44,440 ] 66 root - INFO - Initiating the data transformation
[ 2024-08-07 16:39:44,477 ] 71 root - INFO - Train and test CSVs have been read successfully
[ 2024-08-07 16:39:44,477 ] 26 root - INFO - Making data transformation pickle file
[ 2024-08-07 16:39:44,477 ] 29 root - INFO - Making numerical and categorical columns
[ 2024-08-07 16:39:44,477 ] 47 root - INFO - Numerical and categorical pipelines have been made
[ 2024-08-07 16:39:44,477 ] 56 root - INFO - Transformation has been completed
[ 2024-08-07 16:39:44,478 ] 77 root - INFO - Train split has been completed
[ 2024-08-07 16:39:44,479 ] 81 root - INFO - Test data has been split
[ 2024-08-07 16:39:44,534 ] 85 root - INFO - Preprocessor has been applied to train and test independent features
[ 2024-08-07 16:39:44,542 ] 90 root - INFO - Applied RandomOverSampler to the training data
[ 2024-08-07 16:39:44,544 ] 95 root - INFO - Data transformation has been completed
[ 2024-08-07 16:39:44,547 ] 98 root - INFO - Preprocessor pickle has been saved
[ 2024-08-07 16:39:44,549 ] 33 root - INFO - Split training and test input data
[ 2024-08-07 16:39:44,556 ] 37 root - INFO - predicting the model accuracy
[ 2024-08-07 16:39:58,748 ] 58 root - INFO - checking the accuracy of every model
[ 2024-08-07 16:39:59,339 ] 58 root - INFO - checking the accuracy of every model
[ 2024-08-07 16:40:32,759 ] 58 root - INFO - checking the accuracy of every model
[ 2024-08-07 16:40:33,547 ] 58 root - INFO - checking the accuracy of every model
[ 2024-08-07 16:40:36,593 ] 58 root - INFO - checking the accuracy of every model
[ 2024-08-07 16:41:01,480 ] 58 root - INFO - checking the accuracy of every model
[ 2024-08-07 16:41:01,480 ] 96 root - INFO - Best found model on both training and testing dataset
[ 2024-08-07 16:41:01,576 ] 109 root - INFO - Accuracy Score: 0.8492169106356843
[ 2024-08-07 16:41:01,576 ] 110 root - INFO - Confusion Matrix:
[[6696  729]
 [ 744 1600]]
[ 2024-08-07 16:41:01,576 ] 111 root - INFO - Classification Report:
              precision    recall  f1-score   support

         0.0       0.90      0.90      0.90      7425
         1.0       0.69      0.68      0.68      2344

    accuracy                           0.85      9769
   macro avg       0.79      0.79      0.79      9769
weighted avg       0.85      0.85      0.85      9769

